<?xml version="1.0" encoding="UTF-8"?>
<!-- Generated by org.testng.reporters.JUnitXMLReporter -->
<testsuite hostname="DMINBNOI18021" ignored="0" name="Test" tests="1" failures="1" timestamp="01 Oct 2018 17:31:38 GMT" time="51.106" errors="0">
  <testcase name="LoginTest" time="42.284" classname="com.TestCases.LoginTestCase">
    <failure type="java.lang.AssertionError" message="Expected condition failed: waiting for element to be clickable: By.cssSelector: section.form__group.-button.\2b textCenter &amp;gt; button (tried for 10 second(s) with 500 milliseconds interval)">
      <![CDATA[java.lang.AssertionError: Expected condition failed: waiting for element to be clickable: By.cssSelector: section.form__group.-button.\2b textCenter > button (tried for 10 second(s) with 500 milliseconds interval)
at com.TestCases.LoginTestCase.LoginTest(LoginTestCase.java:26)
... Removed 30 stack frames]]>
    </failure>
  </testcase> <!-- LoginTest -->
</testsuite> <!-- Test -->
