<?xml version="1.0" encoding="UTF-8"?>
<testsuite xmlns:xsi="http://www.w3.org/2001/XMLSchema-instance" xsi:noNamespaceSchemaLocation="https://maven.apache.org/surefire/maven-surefire-plugin/xsd/surefire-test-report.xsd" name="TestSuite" time="51.791" tests="1" errors="0" skipped="0" failures="1">
  <properties>
[...]
</properties>
  <testcase name="LoginTest" classname="com.TestCases.LoginTestCase" time="42.301">
    <failure message="Expected condition failed: waiting for element to be clickable: By.cssSelector: section.form__group.-button.\2b textCenter &gt; button (tried for 10 second(s) with 500 milliseconds interval)" type="java.lang.AssertionError">java.lang.AssertionError: Expected condition failed: waiting for element to be clickable: By.cssSelector: section.form__group.-button.\2b textCenter > button (tried for 10 second(s) with 500 milliseconds interval)
	at com.TestCases.LoginTestCase.LoginTest(LoginTestCase.java:26)
</failure>
    <system-out><![CDATA[https://dev.castinet.org/
]]></system-out>
    <system-err><![CDATA[1538415047642	geckodriver	INFO	geckodriver 0.19.0
1538415047650	geckodriver	INFO	Listening on 127.0.0.1:48783
1538415048456	mozrunner::runner	INFO	Running command: "C:\\Program Files\\Mozilla Firefox\\firefox.exe" "-marionette" "-profile" "C:\\Users\\vsingh\\AppData\\Local\\Temp\\rust_mozprofile.er8c3WwXB4JC"
1538415051395	Marionette	INFO	Listening on port 58915
1538415051583	Marionette	WARN	TLS certificate errors will be ignored for this session
1538415051655	Marionette	DEBUG	[6442450945] Frame script loaded
1538415051657	Marionette	DEBUG	[6442450945] Frame script registered
Oct 01, 2018 11:00:51 PM org.openqa.selenium.remote.ProtocolHandshake createSession
INFO: Detected dialect: W3C
1538415055351	Marionette	DEBUG	[6442450945] Received DOM event beforeunload for about:blank
1538415056872	Marionette	DEBUG	[6442450945] Received DOM event pagehide for about:blank
1538415078651	Marionette	DEBUG	[6442450945] Received DOM event beforeunload for https://dev.castinet.org/login?redirectUrl=%2Fhome
1538415078652	Marionette	DEBUG	[6442450945] Received DOM event pageshow for https://dev.castinet.org/login?redirectUrl=%2Fhome
1538415078669	Marionette	DEBUG	[6442450945] Received DOM event DOMContentLoaded for https://dev.castinet.org/login?redirectUrl=%2Fhome
1538415080646	Marionette	DEBUG	[6442450945] Received DOM event unload for https://dev.castinet.org/login?redirectUrl=%2Fhome
1538415082028	Marionette	DEBUG	[6442450945] Received DOM event DOMContentLoaded for https://login.microsoftonline.com/castinet.onmicrosoft.com/oauth2/authorize?response_type=id_token&client_id=4a240d6e-6cdc-40 ... equest-id=7f801513-dcd2-4ea8-8954-9d0dfd10ddfd&x-client-SKU=Js&x-client-Ver=1.0.16&nonce=b53fc934-96b3-4ab7-8794-f6ef8e95453c
1538415082223	Marionette	DEBUG	[6442450945] Received DOM event pageshow for https://login.microsoftonline.com/castinet.onmicrosoft.com/oauth2/authorize?response_type=id_token&client_id=4a240d6e-6cdc-40 ... equest-id=7f801513-dcd2-4ea8-8954-9d0dfd10ddfd&x-client-SKU=Js&x-client-Ver=1.0.16&nonce=b53fc934-96b3-4ab7-8794-f6ef8e95453c
1538415082726	Marionette	DEBUG	[6442450945] Canceled page load listener because no navigation has been detected
1538415085153	Marionette	DEBUG	[6442450945] Received DOM event beforeunload for https://login.microsoftonline.com/castinet.onmicrosoft.com/oauth2/authorize?response_type=id_token&client_id=4a240d6e-6cdc-40 ... equest-id=7f801513-dcd2-4ea8-8954-9d0dfd10ddfd&x-client-SKU=Js&x-client-Ver=1.0.16&nonce=b53fc934-96b3-4ab7-8794-f6ef8e95453c
1538415086509	Marionette	DEBUG	[6442450945] Received DOM event pagehide for https://login.microsoftonline.com/castinet.onmicrosoft.com/oauth2/authorize?response_type=id_token&client_id=4a240d6e-6cdc-40 ... equest-id=7f801513-dcd2-4ea8-8954-9d0dfd10ddfd&x-client-SKU=Js&x-client-Ver=1.0.16&nonce=b53fc934-96b3-4ab7-8794-f6ef8e95453c
1538415086514	Marionette	DEBUG	[6442450945] Received DOM event unload for https://login.microsoftonline.com/castinet.onmicrosoft.com/oauth2/authorize?response_type=id_token&client_id=4a240d6e-6cdc-40 ... equest-id=7f801513-dcd2-4ea8-8954-9d0dfd10ddfd&x-client-SKU=Js&x-client-Ver=1.0.16&nonce=b53fc934-96b3-4ab7-8794-f6ef8e95453c
1538415086994	Marionette	DEBUG	[6442450945] Received DOM event DOMContentLoaded for https://login.microsoftonline.com/castinet.onmicrosoft.com/login
1538415087231	Marionette	DEBUG	[6442450945] Received DOM event pageshow for https://login.microsoftonline.com/castinet.onmicrosoft.com/login
]]></system-err>
  </testcase>
</testsuite>