-------------------------------------------------------------------------------
Test set: TestSuite
-------------------------------------------------------------------------------
Tests run: 1, Failures: 1, Errors: 0, Skipped: 0, Time elapsed: 51.791 s <<< FAILURE! - in TestSuite
LoginTest(com.TestCases.LoginTestCase)  Time elapsed: 42.301 s  <<< FAILURE!
java.lang.AssertionError: Expected condition failed: waiting for element to be clickable: By.cssSelector: section.form__group.-button.\2b textCenter > button (tried for 10 second(s) with 500 milliseconds interval)
	at com.TestCases.LoginTestCase.LoginTest(LoginTestCase.java:26)

