<?xml version="1.0" encoding="UTF-8"?>
<testng-results skipped="0" failed="0" ignored="0" total="1" passed="1">
  <reporter-output>
  </reporter-output>
  <suite name="Suite" duration-ms="36489" started-at="2018-10-03T09:53:11Z" finished-at="2018-10-03T09:53:48Z">
    <groups>
    </groups>
    <test name="Test" duration-ms="36489" started-at="2018-10-03T09:53:11Z" finished-at="2018-10-03T09:53:48Z">
      <class name="com.TestCases.LoginTestCase">
        <test-method status="PASS" signature="setUp(java.lang.reflect.Method)[pri:0, instance:com.TestCases.LoginTestCase@3532ec19]" name="setUp" is-config="true" duration-ms="8782" started-at="2018-10-03T09:53:11Z" finished-at="2018-10-03T09:53:20Z">
          <params>
            <param index="0">
              <value>
                <![CDATA[public static void com.TestCases.LoginTestCase.LoginTest() throws java.lang.Exception]]>
              </value>
            </param>
          </params>
          <reporter-output>
          </reporter-output>
        </test-method> <!-- setUp -->
        <test-method status="PASS" signature="LoginTest()[pri:0, instance:com.TestCases.LoginTestCase@3532ec19]" name="LoginTest" duration-ms="27424" started-at="2018-10-03T09:53:20Z" finished-at="2018-10-03T09:53:47Z">
          <reporter-output>
          </reporter-output>
        </test-method> <!-- LoginTest -->
        <test-method status="PASS" signature="tearDown(org.testng.ITestResult)[pri:0, instance:com.TestCases.LoginTestCase@3532ec19]" name="tearDown" is-config="true" duration-ms="247" started-at="2018-10-03T09:53:47Z" finished-at="2018-10-03T09:53:48Z">
          <params>
            <param index="0">
              <value>
                <![CDATA[[TestResult name=LoginTest status=SUCCESS method=LoginTestCase.LoginTest()[pri:0, instance:com.TestCases.LoginTestCase@3532ec19] output={null}]]]>
              </value>
            </param>
          </params>
          <reporter-output>
          </reporter-output>
        </test-method> <!-- tearDown -->
      </class> <!-- com.TestCases.LoginTestCase -->
    </test> <!-- Test -->
  </suite> <!-- Suite -->
</testng-results>
